<?xml version="1.0" encoding="UTF-8"?>
<robot generator="Robot 4.1 (Python 3.8.2 on darwin)" generated="20210813 11:13:28.333" rpa="false" schemaversion="2">
<suite id="s1" name="Exam01" source="/Users/atchariya.sae/PycharmProjects/RobotFrameworkTestDesign/exam01.robot">
<test id="s1-t1" name="Sorting Age">
<kw name="Open Selenium Page">
<kw name="Open Browser" library="SeleniumLibrary">
<arg>${URL}</arg>
<arg>${Browser}</arg>
<doc>Opens a new browser instance to the optional ``url``.</doc>
<msg timestamp="20210813 11:13:28.506" level="INFO">Opening browser 'chrome' to base url 'https://www.seleniumeasy.com/test/'.</msg>
<status status="PASS" starttime="20210813 11:13:28.505" endtime="20210813 11:13:37.822"/>
</kw>
<kw name="Maximize Browser Window" library="SeleniumLibrary">
<doc>Maximizes current browser window.</doc>
<status status="PASS" starttime="20210813 11:13:37.823" endtime="20210813 11:13:37.969"/>
</kw>
<kw name="Sleep" library="BuiltIn">
<arg>1s</arg>
<doc>Pauses the test executed for the given time.</doc>
<msg timestamp="20210813 11:13:38.971" level="INFO">Slept 1 second</msg>
<status status="PASS" starttime="20210813 11:13:37.970" endtime="20210813 11:13:38.972"/>
</kw>
<kw name="Click Element" library="SeleniumLibrary">
<arg>${close_popup}</arg>
<doc>Click the element identified by ``locator``.</doc>
<msg timestamp="20210813 11:13:38.976" level="INFO">Clicking element '//*[@id="at-cv-lightbox-close"]'.</msg>
<status status="PASS" starttime="20210813 11:13:38.973" endtime="20210813 11:13:39.422"/>
</kw>
<kw name="Capture Page Screenshot" library="SeleniumLibrary">
<doc>Takes a screenshot of the current page and embeds it into a log file.</doc>
<msg timestamp="20210813 11:13:40.054" level="INFO" html="true">&lt;/td&gt;&lt;/tr&gt;&lt;tr&gt;&lt;td colspan="3"&gt;&lt;a href="selenium-screenshot-7.png"&gt;&lt;img src="selenium-screenshot-7.png" width="800px"&gt;&lt;/a&gt;</msg>
<status status="PASS" starttime="20210813 11:13:39.422" endtime="20210813 11:13:40.054"/>
</kw>
<status status="PASS" starttime="20210813 11:13:28.505" endtime="20210813 11:13:40.054"/>
</kw>
<kw name="Select 'Table' on Menu List">
<msg timestamp="20210813 11:13:40.057" level="FAIL">No keyword with name 'Select 'Table' on Menu List' found.</msg>
<status status="FAIL" starttime="20210813 11:13:40.057" endtime="20210813 11:13:40.057"/>
</kw>
<kw name="Select 'Table Sort and Search' on Table List">
<status status="NOT RUN" starttime="20210813 11:13:40.058" endtime="20210813 11:13:40.058"/>
</kw>
<kw name="Verify 'Age' column is sorted in descending order">
<status status="NOT RUN" starttime="20210813 11:13:40.058" endtime="20210813 11:13:40.058"/>
</kw>
<kw name="Click 'Age' Colunm">
<status status="NOT RUN" starttime="20210813 11:13:40.058" endtime="20210813 11:13:40.058"/>
</kw>
<kw name="Verify 'Age column is sorted in ascending order">
<status status="NOT RUN" starttime="20210813 11:13:40.058" endtime="20210813 11:13:40.058"/>
</kw>
<kw name="Close All Browsers" library="SeleniumLibrary" type="TEARDOWN">
<doc>Closes all open browsers and resets the browser cache.</doc>
<status status="PASS" starttime="20210813 11:13:40.058" endtime="20210813 11:13:40.162"/>
</kw>
<tag>success</tag>
<status status="FAIL" starttime="20210813 11:13:28.505" endtime="20210813 11:13:40.162">No keyword with name 'Select 'Table' on Menu List' found.</status>
</test>
<status status="FAIL" starttime="20210813 11:13:28.334" endtime="20210813 11:13:40.163"/>
</suite>
<statistics>
<total>
<stat pass="0" fail="1" skip="0">All Tests</stat>
</total>
<tag>
<stat pass="0" fail="1" skip="0">success</stat>
</tag>
<suite>
<stat pass="0" fail="1" skip="0" id="s1" name="Exam01">Exam01</stat>
</suite>
</statistics>
<errors>
</errors>
</robot>
