<?xml version="1.0" encoding="UTF-8"?>
<robot generator="Robot 4.1 (Python 3.8.2 on darwin)" generated="20210727 15:17:31.967" rpa="false" schemaversion="2">
<suite id="s1" name="Poc" source="/Users/atchariya.sae/PycharmProjects/rf-qa-auto-demo/RF/test_cases/sale_crm/api/lead/poc.robot">
<test id="s1-t1" name="TC_001 - get success">
<kw name="Generate Robot Automation Header With Cookie" library="common">
<arg>${url_crm_sabye_songkran}</arg>
<arg>${username}</arg>
<arg>${password}</arg>
<kw name="Run Keyword If" library="BuiltIn">
<arg>${headless_mode}==${TRUE}</arg>
<arg>Open Browser</arg>
<arg>${url}</arg>
<arg>headlesschrome</arg>
<arg>ELSE</arg>
<arg>Open Browser</arg>
<arg>${url}</arg>
<arg>${web_driver}</arg>
<doc>Runs the given keyword with the given arguments, if ``condition`` is true.</doc>
<kw name="Open Browser" library="SeleniumLibrary">
<arg>${url}</arg>
<arg>headlesschrome</arg>
<doc>Opens a new browser instance to the optional ``url``.</doc>
<msg timestamp="20210727 15:17:32.259" level="INFO">Opening browser 'headlesschrome' to base url 'https://staging-crm.sabye-songkran.com/'.</msg>
<status status="PASS" starttime="20210727 15:17:32.259" endtime="20210727 15:17:34.755"/>
</kw>
<status status="PASS" starttime="20210727 15:17:32.259" endtime="20210727 15:17:34.755"/>
</kw>
<kw name="Wait Until Element Is Visible" library="SeleniumLibrary">
<arg>${txt_username}</arg>
<arg>timeout=5s</arg>
<doc>Waits until the element ``locator`` is visible.</doc>
<kw name="Capture Page Screenshot" library="SeleniumLibrary">
<doc>Takes a screenshot of the current page and embeds it into a log file.</doc>
<msg timestamp="20210727 15:17:40.018" level="INFO" html="true">&lt;/td&gt;&lt;/tr&gt;&lt;tr&gt;&lt;td colspan="3"&gt;&lt;a href="selenium-screenshot-2.png"&gt;&lt;img src="selenium-screenshot-2.png" width="800px"&gt;&lt;/a&gt;</msg>
<status status="PASS" starttime="20210727 15:17:39.847" endtime="20210727 15:17:40.018"/>
</kw>
<msg timestamp="20210727 15:17:40.023" level="FAIL">Element '//*[@name='identifier']' not visible after 5 seconds.</msg>
<status status="FAIL" starttime="20210727 15:17:34.755" endtime="20210727 15:17:40.023"/>
</kw>
<kw name="Input Text" library="SeleniumLibrary">
<arg>${txt_username}</arg>
<arg>${username}</arg>
<doc>Types the given ``text`` into the text field identified by ``locator``.</doc>
<status status="NOT RUN" starttime="20210727 15:17:40.024" endtime="20210727 15:17:40.024"/>
</kw>
<kw name="Input Text" library="SeleniumLibrary">
<arg>${txt_password}</arg>
<arg>${password}</arg>
<doc>Types the given ``text`` into the text field identified by ``locator``.</doc>
<status status="NOT RUN" starttime="20210727 15:17:40.024" endtime="20210727 15:17:40.024"/>
</kw>
<kw name="Click Button" library="SeleniumLibrary">
<arg>${btn_signin}</arg>
<doc>Clicks the button identified by ``locator``.</doc>
<status status="NOT RUN" starttime="20210727 15:17:40.024" endtime="20210727 15:17:40.024"/>
</kw>
<kw name="Get Cookies" library="SeleniumLibrary">
<var>${cookie}</var>
<doc>Returns all cookies of the current page.</doc>
<status status="NOT RUN" starttime="20210727 15:17:40.024" endtime="20210727 15:17:40.024"/>
</kw>
<kw name="Create Dictionary" library="BuiltIn">
<var>${headers}</var>
<arg>content-type=application/json</arg>
<arg>cookie=${cookie}</arg>
<doc>Creates and returns a dictionary based on the given ``items``.</doc>
<status status="NOT RUN" starttime="20210727 15:17:40.024" endtime="20210727 15:17:40.024"/>
</kw>
<kw name="Create Session" library="RequestsLibrary">
<arg>${GATEWAY_SESSION}</arg>
<arg>${url}</arg>
<arg>headers=${headers}</arg>
<arg>verify=true</arg>
<doc>Create Session: create a HTTP session to a server</doc>
<status status="NOT RUN" starttime="20210727 15:17:40.024" endtime="20210727 15:17:40.024"/>
</kw>
<status status="FAIL" starttime="20210727 15:17:32.258" endtime="20210727 15:17:40.025"/>
</kw>
<kw name="Get List Of Leads" library="lead">
<status status="NOT RUN" starttime="20210727 15:17:40.025" endtime="20210727 15:17:40.025"/>
</kw>
<tag>api</tag>
<tag>db table_name</tag>
<tag>E2E</tag>
<tag>lead</tag>
<tag>Low</tag>
<tag>Regression</tag>
<tag>tc_001</tag>
<status status="FAIL" starttime="20210727 15:17:32.257" endtime="20210727 15:17:40.025">Element '//*[@name='identifier']' not visible after 5 seconds.</status>
</test>
<kw name="Post Auto Result" library="notification_slack" type="TEARDOWN">
<arg>'#testing'</arg>
<arg>${OUTPUT_FILE}</arg>
<msg timestamp="20210727 15:17:40.029" level="FAIL">ParseError: no element found: line 1, column 0</msg>
<status status="FAIL" starttime="20210727 15:17:40.026" endtime="20210727 15:17:40.029">ParseError: no element found: line 1, column 0</status>
</kw>
<doc>POC Common keyword</doc>
<status status="FAIL" starttime="20210727 15:17:31.968" endtime="20210727 15:17:40.029">Suite teardown failed:
ParseError: no element found: line 1, column 0</status>
</suite>
<statistics>
<total>
<stat pass="0" fail="1" skip="0">All Tests</stat>
</total>
<tag>
<stat pass="0" fail="1" skip="0">api</stat>
<stat pass="0" fail="1" skip="0">db table_name</stat>
<stat pass="0" fail="1" skip="0">E2E</stat>
<stat pass="0" fail="1" skip="0">lead</stat>
<stat pass="0" fail="1" skip="0">Low</stat>
<stat pass="0" fail="1" skip="0">Regression</stat>
<stat pass="0" fail="1" skip="0">tc_001</stat>
</tag>
<suite>
<stat pass="0" fail="1" skip="0" id="s1" name="Poc">Poc</stat>
</suite>
</statistics>
<errors>
</errors>
</robot>
